<?xml version="1.0" encoding="UTF-8"?>
<!-- Generated by org.testng.reporters.JUnitReportReporter -->
<testsuite hostname="LAPTOP-8LNS6U6A" failures="0" tests="6" name="monkey.testcases.TCMonkeyTest" time="175.513" errors="0" timestamp="2022-12-29T15:45:38 IST" skipped="0">
  <testcase classname="monkey.testcases.TCMonkeyTest" name="monkeyClick" time="37.125"/>
  <system-out/>
  <testcase classname="monkey.testcases.TCMonkeyTest" name="monkeyTouch" time="40.686"/>
  <system-out/>
  <testcase classname="monkey.testcases.TCMonkeyTest" name="monkeyEnterText" time="23.319"/>
  <system-out/>
  <testcase classname="monkey.testcases.TCMonkeyTest" name="monkeyScroller" time="21.256"/>
  <system-out/>
  <testcase classname="monkey.testcases.TCMonkeyTest" name="monkeyTyper" time="26.693"/>
  <system-out/>
  <testcase classname="monkey.testcases.TCMonkeyTest" name="monkeyAlltogetherAttack" time="26.434"/>
  <system-out/>
</testsuite> <!-- monkey.testcases.TCMonkeyTest -->
