<?xml version="1.0" encoding="UTF-8"?>
<!-- Generated by org.testng.reporters.JUnitReportReporter -->
<testsuite hostname="LAPTOP-8LNS6U6A" failures="0" tests="1" name="monkey.common.Demo" time="20.513" errors="0" timestamp="2022-12-29T15:21:03 IST" skipped="0">
  <testcase classname="monkey.common.Demo" name="monkeyClick" time="20.513"/>
  <system-out/>
</testsuite> <!-- monkey.common.Demo -->
